<?xml version="1.0" encoding="UTF-8"?>
<!-- Generated by org.testng.reporters.JUnitXMLReporter -->
<testsuite hostname="DESKTOP-NGNDCQO" ignored="0" name="Default test" tests="3" failures="0" timestamp="2020-08-13T23:01:24 IST" time="186.363" errors="0">
  <testcase name="sumbitForm" time="11.363" classname="tests.Runner"/>
  <testcase name="swipeToLast" time="20.804" classname="tests.Runner"/>
  <testcase name="scrollToBottom" time="128.715" classname="tests.Runner"/>
</testsuite> <!-- Default test -->
